Arguments: 
  C:\Program Files\nodejs\node.exe C:\Users\82105\AppData\Roaming\npm\node_modules\yarn\bin\yarn.js add @react-native/assets/path-support --ignore-engines

PATH: 
  C:\Users\82105\bin;C:\Program Files\Git\mingw64\bin;C:\Program Files\Git\usr\local\bin;C:\Program Files\Git\usr\bin;C:\Program Files\Git\usr\bin;C:\Program Files\Git\mingw64\bin;C:\Program Files\Git\usr\bin;C:\Users\82105\bin;C:\Program Files\Common Files\Oracle\Java\javapath;C:\Program Files (x86)\Intel\Intel(R) Management Engine Components\iCLS;C:\Program Files\Intel\Intel(R) Management Engine Components\iCLS;C:\windows\system32;C:\Users\82105\Downloads\spacesniffer_1_3_0_2;C:\windows\System32\Wbem;C:\windows\System32\WindowsPowerShell\v1.0;C:\windows\System32\OpenSSH;C:\Program Files (x86)\NVIDIA Corporation\PhysX\Common;C:\Program Files\NVIDIA Corporation\NVIDIA NvDLISR;C:\Program Files (x86)\Intel\Intel(R) Management Engine Components\DAL;C:\Program Files\Intel\Intel(R) Management Engine Components\DAL;C:\ProgramData\AnyClick\Profiles;C:\Program Files (x86)\Kakao\KakaoTalk;C:\ProgramData\Microsoft\Windows\Start Menu\Programs\Python 2.7;C:\Program Files\JetBrains\IntelliJ IDEA Community Edition 2018.3.5\bin;C:\Program Files (x86)\Microsoft Visual Studio\2019\Community\Common7\IDE;C:\Program Files\Oracle\VirtualBox;C:\Program Files (x86)\VMware\VMware Player;C:\Program Files (x86)\Google\Chrome\Application;C:\Riot Games\League of Legends;C:\Program Files\Android\Android Studio\jre\bin;C:\Program Files\Android\Android Studio\bin;C:\Users\82105\AppData\Roaming\Twitch Studio\Bin;C:\Python38;C:\Python38\Scripts;C:\Program Files\Java\jdk-16.0.2\bin;C:\Program Files\JetBrains\PyCharm Community Edition 2020.1\bin;C:\WINDOWS\system32;C:\WINDOWS;C:\WINDOWS\System32\Wbem;C:\WINDOWS\System32\WindowsPowerShell\v1.0;C:\WINDOWS\System32\OpenSSH;C:\Program Files\Git\cmd;C:\Program Files\Git\;C:\Program Files (x86)\GnuWin32\bin;C:\Program Files\MariaDB 10.5\bin;C:\Users\82105\IdeaProjects\dbProject\mariadb-java-client-2.7.1.jar;C:\Users\82105\Desktop\mariadb-java-client-2.7.1.jar;C:\Program Files (x86)\RSUPPORT\Mobizen;C:\Users\82105\AppData\Local\GitHubDesktop;C:\Program Files\Unity Hub;C:\Program Files\Unity\Hub\Editor\2019.4.19f1\Editor;C:\Program Files\dotnet;C:\Program Files (x86)\Mobatek\MobaXterm;C:\Program Files\nodejs;C:\Program Files\Blender Foundation\Blender 2.92;C:\Users\82105\Downloads\scrcpy-win64-v1.19;C:\Users\82105\AppData\Local\Programs\Python\Python39\Scripts;C:\Users\82105\AppData\Local\Programs\Python\Python39;C:\MinGW\msys\1.0\bin;C:\Program Files (x86)\Vim\vim81;C:\MinGW\bin;C:\Python27\Scripts;C:\Python27;C:\Program Files\JetBrains\IntelliJ IDEA Community Edition 2018.3.5\bin;C:\Users\82105\AppData\Local\Programs\Microsoft VS Code\bin;C:\Users\82105\AppData\Local\Microsoft\WindowsApps;C:\Users\82105\AppData\Local\GitHubDesktop\bin;C:\Users\82105\.dotnet\tools;C:\Users\82105\AppData\Roaming\npm;C:\Program Files\Bandizip;C:\Program Files\JetBrains\IntelliJ IDEA 2021.3.2\bin;C:\Program Files\JetBrains\PyCharm 2022.1\bin;C:\Program Files\Git\usr\bin\vendor_perl;C:\Program Files\Git\usr\bin\core_perl

Yarn version: 
  1.22.19

Node version: 
  14.16.0

Platform: 
  win32 x64

Trace: 
  Error: https://registry.yarnpkg.com/@react-native%2fassets/path-support: Request "https://registry.yarnpkg.com/@react-native%2fassets/path-support" returned a 405
      at Request.params.callback [as _callback] (C:\Users\82105\AppData\Roaming\npm\node_modules\yarn\lib\cli.js:66154:18)
      at Request.self.callback (C:\Users\82105\AppData\Roaming\npm\node_modules\yarn\lib\cli.js:140890:22)
      at Request.emit (events.js:315:20)
      at Request.<anonymous> (C:\Users\82105\AppData\Roaming\npm\node_modules\yarn\lib\cli.js:141862:10)
      at Request.emit (events.js:315:20)
      at IncomingMessage.<anonymous> (C:\Users\82105\AppData\Roaming\npm\node_modules\yarn\lib\cli.js:141784:12)
      at Object.onceWrapper (events.js:421:28)
      at IncomingMessage.emit (events.js:327:22)
      at endReadableNT (internal/streams/readable.js:1327:12)
      at processTicksAndRejections (internal/process/task_queues.js:80:21)

npm manifest: 
  No manifest

yarn manifest: 
  No manifest

Lockfile: 
  No lockfile
